2021-09-13 23:59:14,751 INFO [root] [test02_login.py (build_data:25] - 正在执行数据驱动，data=[({'mobile': '13800000002', 'password': '123456'}, 200, True, 10000, '操作成功'), ({'mobile': '', 'password': '123456'}, 200, False, 20001, '用户名或密码错误'), ({'mobile': '13800000002', 'password': ''}, 200, False, 20001, '用户名或密码错误'), ({'mobile': '13800000', 'password': '123456'}, 200, False, 20001, '用户名或密码错误'), ({'mobile': '13800000002000', 'password': '123456'}, 200, False, 20001, '用户名或密码错误'), ({'mobile': 'abcdefg', 'password': '123456'}, 200, False, 20001, '用户名或密码错误'), ({'mobile': '19937127322', 'password': '123456'}, 200, False, 20001, '用户名或密码错误'), ({'mobile': '13800000002', 'password': '123456', 'verify': '8888'}, 200, True, 10000, '操作成功'), ({'password': '123456'}, 200, False, 20001, '用户名或密码错误'), ({'mobile': '13800000002'}, 200, False, 20001, '用户名或密码错误'), (None, 200, False, 99999, '抱歉，系统繁忙，请稍后重试！'), ({'mobiles': '13800000002', 'password': '123456'}, 200, False, 20001, '用户名或密码错误'), ({'mobile': '13800000002', 'passwd': '123456'}, 200, False, 20001, '用户名或密码错误')]
2021-09-13 23:59:14,751 INFO [root] [test01_login.py (setUp:15] - 正在初始化TestLogin测试类
2021-09-13 23:59:14,751 INFO [root] [login.py (login:16] - 正在调用登录接口，url:http://ihrm-test.itheima.net/api/sys/login，data:{'mobile': '13800000002', 'password': '123456'}
2021-09-13 23:59:14,766 DEBUG [urllib3.connectionpool] [connectionpool.py (_new_conn:227] - Starting new HTTP connection (1): ihrm-test.itheima.net:80
2021-09-13 23:59:14,954 DEBUG [urllib3.connectionpool] [connectionpool.py (_make_request:452] - http://ihrm-test.itheima.net:80 "POST /api/sys/login HTTP/1.1" 200 None
2021-09-13 23:59:14,954 INFO [root] [test01_login.py (setUp:15] - 正在初始化TestLogin测试类
2021-09-13 23:59:14,954 INFO [root] [login.py (login:16] - 正在调用登录接口，url:http://ihrm-test.itheima.net/api/sys/login，data:{'mobile': '', 'password': '123456'}
2021-09-13 23:59:14,954 DEBUG [urllib3.connectionpool] [connectionpool.py (_new_conn:227] - Starting new HTTP connection (1): ihrm-test.itheima.net:80
2021-09-13 23:59:15,063 DEBUG [urllib3.connectionpool] [connectionpool.py (_make_request:452] - http://ihrm-test.itheima.net:80 "POST /api/sys/login HTTP/1.1" 200 None
2021-09-13 23:59:15,063 INFO [root] [test01_login.py (setUp:15] - 正在初始化TestLogin测试类
2021-09-13 23:59:15,063 INFO [root] [login.py (login:16] - 正在调用登录接口，url:http://ihrm-test.itheima.net/api/sys/login，data:{'mobile': '13800000002', 'password': ''}
2021-09-13 23:59:15,063 DEBUG [urllib3.connectionpool] [connectionpool.py (_new_conn:227] - Starting new HTTP connection (1): ihrm-test.itheima.net:80
2021-09-13 23:59:15,190 DEBUG [urllib3.connectionpool] [connectionpool.py (_make_request:452] - http://ihrm-test.itheima.net:80 "POST /api/sys/login HTTP/1.1" 200 None
2021-09-13 23:59:15,205 INFO [root] [test01_login.py (setUp:15] - 正在初始化TestLogin测试类
2021-09-13 23:59:15,205 INFO [root] [login.py (login:16] - 正在调用登录接口，url:http://ihrm-test.itheima.net/api/sys/login，data:{'mobile': '1380000000', 'password': '123456'}
2021-09-13 23:59:15,205 DEBUG [urllib3.connectionpool] [connectionpool.py (_new_conn:227] - Starting new HTTP connection (1): ihrm-test.itheima.net:80
2021-09-13 23:59:15,315 DEBUG [urllib3.connectionpool] [connectionpool.py (_make_request:452] - http://ihrm-test.itheima.net:80 "POST /api/sys/login HTTP/1.1" 200 None
2021-09-13 23:59:15,315 INFO [root] [test01_login.py (setUp:15] - 正在初始化TestLogin测试类
2021-09-13 23:59:15,315 INFO [root] [login.py (login:16] - 正在调用登录接口，url:http://ihrm-test.itheima.net/api/sys/login，data:{'mobile': '138000000023', 'password': '123456'}
2021-09-13 23:59:15,315 DEBUG [urllib3.connectionpool] [connectionpool.py (_new_conn:227] - Starting new HTTP connection (1): ihrm-test.itheima.net:80
2021-09-13 23:59:15,424 DEBUG [urllib3.connectionpool] [connectionpool.py (_make_request:452] - http://ihrm-test.itheima.net:80 "POST /api/sys/login HTTP/1.1" 200 None
2021-09-13 23:59:15,424 INFO [root] [test01_login.py (setUp:15] - 正在初始化TestLogin测试类
2021-09-13 23:59:15,424 INFO [root] [login.py (login:16] - 正在调用登录接口，url:http://ihrm-test.itheima.net/api/sys/login，data:{'mobile': 'error', 'password': '123456'}
2021-09-13 23:59:15,424 DEBUG [urllib3.connectionpool] [connectionpool.py (_new_conn:227] - Starting new HTTP connection (1): ihrm-test.itheima.net:80
2021-09-13 23:59:15,534 DEBUG [urllib3.connectionpool] [connectionpool.py (_make_request:452] - http://ihrm-test.itheima.net:80 "POST /api/sys/login HTTP/1.1" 200 None
2021-09-13 23:59:15,534 INFO [root] [test01_login.py (setUp:15] - 正在初始化TestLogin测试类
2021-09-13 23:59:15,534 INFO [root] [login.py (login:16] - 正在调用登录接口，url:http://ihrm-test.itheima.net/api/sys/login，data:{'mobile': '13812321236', 'password': '123456'}
2021-09-13 23:59:15,534 DEBUG [urllib3.connectionpool] [connectionpool.py (_new_conn:227] - Starting new HTTP connection (1): ihrm-test.itheima.net:80
2021-09-13 23:59:15,659 DEBUG [urllib3.connectionpool] [connectionpool.py (_make_request:452] - http://ihrm-test.itheima.net:80 "POST /api/sys/login HTTP/1.1" 200 None
2021-09-13 23:59:15,659 INFO [root] [test01_login.py (setUp:15] - 正在初始化TestLogin测试类
2021-09-13 23:59:15,659 INFO [root] [login.py (login:16] - 正在调用登录接口，url:http://ihrm-test.itheima.net/api/sys/login，data:{'mobile': '13800000002', 'password': '123456', 'haha': 'xixi'}
2021-09-13 23:59:15,659 DEBUG [urllib3.connectionpool] [connectionpool.py (_new_conn:227] - Starting new HTTP connection (1): ihrm-test.itheima.net:80
2021-09-13 23:59:15,768 DEBUG [urllib3.connectionpool] [connectionpool.py (_make_request:452] - http://ihrm-test.itheima.net:80 "POST /api/sys/login HTTP/1.1" 200 None
2021-09-13 23:59:15,768 INFO [root] [test01_login.py (setUp:15] - 正在初始化TestLogin测试类
2021-09-13 23:59:15,768 INFO [root] [login.py (login:16] - 正在调用登录接口，url:http://ihrm-test.itheima.net/api/sys/login，data:{'password': '123456'}
2021-09-13 23:59:15,768 DEBUG [urllib3.connectionpool] [connectionpool.py (_new_conn:227] - Starting new HTTP connection (1): ihrm-test.itheima.net:80
2021-09-13 23:59:15,893 DEBUG [urllib3.connectionpool] [connectionpool.py (_make_request:452] - http://ihrm-test.itheima.net:80 "POST /api/sys/login HTTP/1.1" 200 None
2021-09-13 23:59:15,893 INFO [root] [test01_login.py (setUp:15] - 正在初始化TestLogin测试类
2021-09-13 23:59:15,893 INFO [root] [login.py (login:16] - 正在调用登录接口，url:http://ihrm-test.itheima.net/api/sys/login，data:{'mobile': '13800000002'}
2021-09-13 23:59:15,893 DEBUG [urllib3.connectionpool] [connectionpool.py (_new_conn:227] - Starting new HTTP connection (1): ihrm-test.itheima.net:80
2021-09-13 23:59:16,002 DEBUG [urllib3.connectionpool] [connectionpool.py (_make_request:452] - http://ihrm-test.itheima.net:80 "POST /api/sys/login HTTP/1.1" 200 None
2021-09-13 23:59:16,002 INFO [root] [test01_login.py (setUp:15] - 正在初始化TestLogin测试类
2021-09-13 23:59:16,002 INFO [root] [login.py (login:16] - 正在调用登录接口，url:http://ihrm-test.itheima.net/api/sys/login，data:None
2021-09-13 23:59:16,002 DEBUG [urllib3.connectionpool] [connectionpool.py (_new_conn:227] - Starting new HTTP connection (1): ihrm-test.itheima.net:80
2021-09-13 23:59:16,112 DEBUG [urllib3.connectionpool] [connectionpool.py (_make_request:452] - http://ihrm-test.itheima.net:80 "POST /api/sys/login HTTP/1.1" 200 None
2021-09-13 23:59:16,112 INFO [root] [test01_login.py (setUp:15] - 正在初始化TestLogin测试类
2021-09-13 23:59:16,112 INFO [root] [login.py (login:16] - 正在调用登录接口，url:http://ihrm-test.itheima.net/api/sys/login，data:{'mobiel': '13800000002', 'password': '123456'}
2021-09-13 23:59:16,112 DEBUG [urllib3.connectionpool] [connectionpool.py (_new_conn:227] - Starting new HTTP connection (1): ihrm-test.itheima.net:80
2021-09-13 23:59:16,221 DEBUG [urllib3.connectionpool] [connectionpool.py (_make_request:452] - http://ihrm-test.itheima.net:80 "POST /api/sys/login HTTP/1.1" 200 None
2021-09-13 23:59:16,221 INFO [root] [test01_login.py (setUp:15] - 正在初始化TestLogin测试类
2021-09-13 23:59:16,221 INFO [root] [login.py (login:16] - 正在调用登录接口，url:http://ihrm-test.itheima.net/api/sys/login，data:{'mobile': '13800000002', 'passwd': '123456'}
2021-09-13 23:59:16,237 DEBUG [urllib3.connectionpool] [connectionpool.py (_new_conn:227] - Starting new HTTP connection (1): ihrm-test.itheima.net:80
2021-09-13 23:59:16,331 DEBUG [urllib3.connectionpool] [connectionpool.py (_make_request:452] - http://ihrm-test.itheima.net:80 "POST /api/sys/login HTTP/1.1" 200 None
2021-09-13 23:59:16,331 INFO [root] [test02_login.py (setUp:32] - 正在初始化LoginTest测试类
2021-09-13 23:59:16,331 INFO [root] [test02_login.py (test_login01:40] - 正在执行test_login01测试方法
2021-09-13 23:59:16,331 INFO [root] [login.py (login:16] - 正在调用登录接口，url:http://ihrm-test.itheima.net/api/sys/login，data:{'mobile': '13800000002', 'password': '123456'}
2021-09-13 23:59:16,331 DEBUG [urllib3.connectionpool] [connectionpool.py (_new_conn:227] - Starting new HTTP connection (1): ihrm-test.itheima.net:80
2021-09-13 23:59:16,440 DEBUG [urllib3.connectionpool] [connectionpool.py (_make_request:452] - http://ihrm-test.itheima.net:80 "POST /api/sys/login HTTP/1.1" 200 None
2021-09-13 23:59:16,440 INFO [root] [test02_login.py (test_login01:46] - 返回response：{"success":true,"code":10000,"message":"操作成功！","data":"fa4a6326-fcf4-40f4-b1d4-3781cee5b143"}
2021-09-13 23:59:16,440 INFO [root] [test02_login.py (test_login01:59] - TOKEN获取成功，TOKEN = fa4a6326-fcf4-40f4-b1d4-3781cee5b143
2021-09-13 23:59:16,440 INFO [root] [test02_login.py (setUp:32] - 正在初始化LoginTest测试类
2021-09-13 23:59:16,440 INFO [root] [test02_login.py (test_login02:63] - 正在执行test_login02测试方法
2021-09-13 23:59:16,440 INFO [root] [login.py (login:16] - 正在调用登录接口，url:http://ihrm-test.itheima.net/api/sys/login，data:{'mobile': '13800000002', 'password': '123456'}
2021-09-13 23:59:16,440 DEBUG [urllib3.connectionpool] [connectionpool.py (_new_conn:227] - Starting new HTTP connection (1): ihrm-test.itheima.net:80
2021-09-13 23:59:16,549 DEBUG [urllib3.connectionpool] [connectionpool.py (_make_request:452] - http://ihrm-test.itheima.net:80 "POST /api/sys/login HTTP/1.1" 200 None
2021-09-13 23:59:16,549 INFO [root] [test02_login.py (test_login02:66] - 返回response：{"success":true,"code":10000,"message":"操作成功！","data":"9ddf408d-7c9e-4c44-a035-b35eb1df2fbc"}
2021-09-13 23:59:16,549 INFO [root] [test02_login.py (setUp:32] - 正在初始化LoginTest测试类
2021-09-13 23:59:16,549 INFO [root] [test02_login.py (test_login02:63] - 正在执行test_login02测试方法
2021-09-13 23:59:16,549 INFO [root] [login.py (login:16] - 正在调用登录接口，url:http://ihrm-test.itheima.net/api/sys/login，data:{'mobile': '', 'password': '123456'}
2021-09-13 23:59:16,549 DEBUG [urllib3.connectionpool] [connectionpool.py (_new_conn:227] - Starting new HTTP connection (1): ihrm-test.itheima.net:80
2021-09-13 23:59:16,659 DEBUG [urllib3.connectionpool] [connectionpool.py (_make_request:452] - http://ihrm-test.itheima.net:80 "POST /api/sys/login HTTP/1.1" 200 None
2021-09-13 23:59:16,659 INFO [root] [test02_login.py (test_login02:66] - 返回response：{"success":false,"code":20001,"message":"用户名或密码错误","data":null}
2021-09-13 23:59:16,659 INFO [root] [test02_login.py (setUp:32] - 正在初始化LoginTest测试类
2021-09-13 23:59:16,659 INFO [root] [test02_login.py (test_login02:63] - 正在执行test_login02测试方法
2021-09-13 23:59:16,659 INFO [root] [login.py (login:16] - 正在调用登录接口，url:http://ihrm-test.itheima.net/api/sys/login，data:{'mobile': '13800000002', 'password': ''}
2021-09-13 23:59:16,659 DEBUG [urllib3.connectionpool] [connectionpool.py (_new_conn:227] - Starting new HTTP connection (1): ihrm-test.itheima.net:80
2021-09-13 23:59:16,768 DEBUG [urllib3.connectionpool] [connectionpool.py (_make_request:452] - http://ihrm-test.itheima.net:80 "POST /api/sys/login HTTP/1.1" 200 None
2021-09-13 23:59:16,768 INFO [root] [test02_login.py (test_login02:66] - 返回response：{"success":false,"code":20001,"message":"用户名或密码错误","data":null}
2021-09-13 23:59:16,768 INFO [root] [test02_login.py (setUp:32] - 正在初始化LoginTest测试类
2021-09-13 23:59:16,768 INFO [root] [test02_login.py (test_login02:63] - 正在执行test_login02测试方法
2021-09-13 23:59:16,768 INFO [root] [login.py (login:16] - 正在调用登录接口，url:http://ihrm-test.itheima.net/api/sys/login，data:{'mobile': '13800000', 'password': '123456'}
2021-09-13 23:59:16,768 DEBUG [urllib3.connectionpool] [connectionpool.py (_new_conn:227] - Starting new HTTP connection (1): ihrm-test.itheima.net:80
2021-09-13 23:59:16,888 DEBUG [urllib3.connectionpool] [connectionpool.py (_make_request:452] - http://ihrm-test.itheima.net:80 "POST /api/sys/login HTTP/1.1" 200 None
2021-09-13 23:59:16,888 INFO [root] [test02_login.py (test_login02:66] - 返回response：{"success":false,"code":20001,"message":"用户名或密码错误","data":null}
2021-09-13 23:59:16,888 INFO [root] [test02_login.py (setUp:32] - 正在初始化LoginTest测试类
2021-09-13 23:59:16,888 INFO [root] [test02_login.py (test_login02:63] - 正在执行test_login02测试方法
2021-09-13 23:59:16,888 INFO [root] [login.py (login:16] - 正在调用登录接口，url:http://ihrm-test.itheima.net/api/sys/login，data:{'mobile': '13800000002000', 'password': '123456'}
2021-09-13 23:59:16,888 DEBUG [urllib3.connectionpool] [connectionpool.py (_new_conn:227] - Starting new HTTP connection (1): ihrm-test.itheima.net:80
2021-09-13 23:59:17,013 DEBUG [urllib3.connectionpool] [connectionpool.py (_make_request:452] - http://ihrm-test.itheima.net:80 "POST /api/sys/login HTTP/1.1" 200 None
2021-09-13 23:59:17,013 INFO [root] [test02_login.py (test_login02:66] - 返回response：{"success":false,"code":20001,"message":"用户名或密码错误","data":null}
2021-09-13 23:59:17,013 INFO [root] [test02_login.py (setUp:32] - 正在初始化LoginTest测试类
2021-09-13 23:59:17,013 INFO [root] [test02_login.py (test_login02:63] - 正在执行test_login02测试方法
2021-09-13 23:59:17,013 INFO [root] [login.py (login:16] - 正在调用登录接口，url:http://ihrm-test.itheima.net/api/sys/login，data:{'mobile': 'abcdefg', 'password': '123456'}
2021-09-13 23:59:17,013 DEBUG [urllib3.connectionpool] [connectionpool.py (_new_conn:227] - Starting new HTTP connection (1): ihrm-test.itheima.net:80
2021-09-13 23:59:17,124 DEBUG [urllib3.connectionpool] [connectionpool.py (_make_request:452] - http://ihrm-test.itheima.net:80 "POST /api/sys/login HTTP/1.1" 200 None
2021-09-13 23:59:17,124 INFO [root] [test02_login.py (test_login02:66] - 返回response：{"success":false,"code":20001,"message":"用户名或密码错误","data":null}
2021-09-13 23:59:17,124 INFO [root] [test02_login.py (setUp:32] - 正在初始化LoginTest测试类
2021-09-13 23:59:17,124 INFO [root] [test02_login.py (test_login02:63] - 正在执行test_login02测试方法
2021-09-13 23:59:17,124 INFO [root] [login.py (login:16] - 正在调用登录接口，url:http://ihrm-test.itheima.net/api/sys/login，data:{'mobile': '19937127322', 'password': '123456'}
2021-09-13 23:59:17,124 DEBUG [urllib3.connectionpool] [connectionpool.py (_new_conn:227] - Starting new HTTP connection (1): ihrm-test.itheima.net:80
2021-09-13 23:59:17,264 DEBUG [urllib3.connectionpool] [connectionpool.py (_make_request:452] - http://ihrm-test.itheima.net:80 "POST /api/sys/login HTTP/1.1" 200 None
2021-09-13 23:59:17,264 INFO [root] [test02_login.py (test_login02:66] - 返回response：{"success":false,"code":20001,"message":"用户名或密码错误","data":null}
2021-09-13 23:59:17,264 INFO [root] [test02_login.py (setUp:32] - 正在初始化LoginTest测试类
2021-09-13 23:59:17,264 INFO [root] [test02_login.py (test_login02:63] - 正在执行test_login02测试方法
2021-09-13 23:59:17,264 INFO [root] [login.py (login:16] - 正在调用登录接口，url:http://ihrm-test.itheima.net/api/sys/login，data:{'mobile': '13800000002', 'password': '123456', 'verify': '8888'}
2021-09-13 23:59:17,264 DEBUG [urllib3.connectionpool] [connectionpool.py (_new_conn:227] - Starting new HTTP connection (1): ihrm-test.itheima.net:80
2021-09-13 23:59:17,405 DEBUG [urllib3.connectionpool] [connectionpool.py (_make_request:452] - http://ihrm-test.itheima.net:80 "POST /api/sys/login HTTP/1.1" 200 None
2021-09-13 23:59:17,405 INFO [root] [test02_login.py (test_login02:66] - 返回response：{"success":true,"code":10000,"message":"操作成功！","data":"5b0ef39a-ec1c-42e5-9848-edce15444fb8"}
2021-09-13 23:59:17,405 INFO [root] [test02_login.py (setUp:32] - 正在初始化LoginTest测试类
2021-09-13 23:59:17,405 INFO [root] [test02_login.py (test_login02:63] - 正在执行test_login02测试方法
2021-09-13 23:59:17,405 INFO [root] [login.py (login:16] - 正在调用登录接口，url:http://ihrm-test.itheima.net/api/sys/login，data:{'password': '123456'}
2021-09-13 23:59:17,405 DEBUG [urllib3.connectionpool] [connectionpool.py (_new_conn:227] - Starting new HTTP connection (1): ihrm-test.itheima.net:80
2021-09-13 23:59:17,530 DEBUG [urllib3.connectionpool] [connectionpool.py (_make_request:452] - http://ihrm-test.itheima.net:80 "POST /api/sys/login HTTP/1.1" 200 None
2021-09-13 23:59:17,530 INFO [root] [test02_login.py (test_login02:66] - 返回response：{"success":false,"code":20001,"message":"用户名或密码错误","data":null}
2021-09-13 23:59:17,530 INFO [root] [test02_login.py (setUp:32] - 正在初始化LoginTest测试类
2021-09-13 23:59:17,530 INFO [root] [test02_login.py (test_login02:63] - 正在执行test_login02测试方法
2021-09-13 23:59:17,530 INFO [root] [login.py (login:16] - 正在调用登录接口，url:http://ihrm-test.itheima.net/api/sys/login，data:{'mobile': '13800000002'}
2021-09-13 23:59:17,530 DEBUG [urllib3.connectionpool] [connectionpool.py (_new_conn:227] - Starting new HTTP connection (1): ihrm-test.itheima.net:80
2021-09-13 23:59:17,639 DEBUG [urllib3.connectionpool] [connectionpool.py (_make_request:452] - http://ihrm-test.itheima.net:80 "POST /api/sys/login HTTP/1.1" 200 None
2021-09-13 23:59:17,655 INFO [root] [test02_login.py (test_login02:66] - 返回response：{"success":false,"code":20001,"message":"用户名或密码错误","data":null}
2021-09-13 23:59:17,655 INFO [root] [test02_login.py (setUp:32] - 正在初始化LoginTest测试类
2021-09-13 23:59:17,655 INFO [root] [test02_login.py (test_login02:63] - 正在执行test_login02测试方法
2021-09-13 23:59:17,655 INFO [root] [login.py (login:16] - 正在调用登录接口，url:http://ihrm-test.itheima.net/api/sys/login，data:None
2021-09-13 23:59:17,655 DEBUG [urllib3.connectionpool] [connectionpool.py (_new_conn:227] - Starting new HTTP connection (1): ihrm-test.itheima.net:80
2021-09-13 23:59:17,764 DEBUG [urllib3.connectionpool] [connectionpool.py (_make_request:452] - http://ihrm-test.itheima.net:80 "POST /api/sys/login HTTP/1.1" 200 None
2021-09-13 23:59:17,764 INFO [root] [test02_login.py (test_login02:66] - 返回response：{"success":false,"code":99999,"message":"抱歉，系统繁忙，请稍后重试！","data":null}
2021-09-13 23:59:17,764 INFO [root] [test02_login.py (setUp:32] - 正在初始化LoginTest测试类
2021-09-13 23:59:17,764 INFO [root] [test02_login.py (test_login02:63] - 正在执行test_login02测试方法
2021-09-13 23:59:17,764 INFO [root] [login.py (login:16] - 正在调用登录接口，url:http://ihrm-test.itheima.net/api/sys/login，data:{'mobiles': '13800000002', 'password': '123456'}
2021-09-13 23:59:17,780 DEBUG [urllib3.connectionpool] [connectionpool.py (_new_conn:227] - Starting new HTTP connection (1): ihrm-test.itheima.net:80
2021-09-13 23:59:17,873 DEBUG [urllib3.connectionpool] [connectionpool.py (_make_request:452] - http://ihrm-test.itheima.net:80 "POST /api/sys/login HTTP/1.1" 200 None
2021-09-13 23:59:17,873 INFO [root] [test02_login.py (test_login02:66] - 返回response：{"success":false,"code":20001,"message":"用户名或密码错误","data":null}
2021-09-13 23:59:17,873 INFO [root] [test02_login.py (setUp:32] - 正在初始化LoginTest测试类
2021-09-13 23:59:17,873 INFO [root] [test02_login.py (test_login02:63] - 正在执行test_login02测试方法
2021-09-13 23:59:17,873 INFO [root] [login.py (login:16] - 正在调用登录接口，url:http://ihrm-test.itheima.net/api/sys/login，data:{'mobile': '13800000002', 'passwd': '123456'}
2021-09-13 23:59:17,873 DEBUG [urllib3.connectionpool] [connectionpool.py (_new_conn:227] - Starting new HTTP connection (1): ihrm-test.itheima.net:80
2021-09-13 23:59:17,983 DEBUG [urllib3.connectionpool] [connectionpool.py (_make_request:452] - http://ihrm-test.itheima.net:80 "POST /api/sys/login HTTP/1.1" 200 None
2021-09-13 23:59:17,983 INFO [root] [test02_login.py (test_login02:66] - 返回response：{"success":false,"code":20001,"message":"用户名或密码错误","data":null}
2021-09-13 23:59:17,983 INFO [root] [test03_employee.py (setUp:18] - 正在初始化EmployeeTest测试类
2021-09-13 23:59:17,983 INFO [root] [test03_employee.py (test01_add_employee:23] - 正在执行test01_add_employee测试方法
2021-09-13 23:59:17,983 INFO [root] [employee.py (employee_add:16] - 正在调用员工添加接口，url：http://ihrm-test.itheima.net/api/sys/user，add_data：{'username': '5Bcaj918', 'mobile': '15960132143', 'timeOfEntry': '2021-07-26', 'formOfEmployment': 1, 'workNumber': '195073264', 'departmentName': '自动化测试', 'departmentId': '33660', 'correctionTime': '2021-10-26'}，headers_data：{'Content-Type': 'Application/json', 'Authorization': 'fa4a6326-fcf4-40f4-b1d4-3781cee5b143'}
2021-09-13 23:59:17,983 DEBUG [urllib3.connectionpool] [connectionpool.py (_new_conn:227] - Starting new HTTP connection (1): ihrm-test.itheima.net:80
2021-09-13 23:59:18,124 DEBUG [urllib3.connectionpool] [connectionpool.py (_make_request:452] - http://ihrm-test.itheima.net:80 "POST /api/sys/user HTTP/1.1" 200 None
2021-09-13 23:59:18,124 INFO [root] [test03_employee.py (test01_add_employee:35] - 返回response：{"success":true,"code":10000,"message":"操作成功！","data":{"departmentId":"33660","id":"1437445850413400064"}}
2021-09-13 23:59:18,124 INFO [root] [test03_employee.py (test01_add_employee:44] - 员工添加成功，员工ID为1437445850413400064
2021-09-13 23:59:18,124 INFO [root] [test03_employee.py (setUp:18] - 正在初始化EmployeeTest测试类
2021-09-13 23:59:18,124 INFO [root] [test03_employee.py (test02_update_employee:48] - 正在执行test02_update_employee测试方法
2021-09-13 23:59:18,124 INFO [root] [employee.py (employee_update:22] - 正在调用员工修改接口，url：http://ihrm-test.itheima.net/api/sys/user/1437445850413400064，update_data：{'username': 'jack111', 'departmentName': '系统测试'}，headers_data：{'Content-Type': 'Application/json', 'Authorization': 'fa4a6326-fcf4-40f4-b1d4-3781cee5b143'}，employee_id：1437445850413400064
2021-09-13 23:59:18,124 DEBUG [urllib3.connectionpool] [connectionpool.py (_new_conn:227] - Starting new HTTP connection (1): ihrm-test.itheima.net:80
2021-09-13 23:59:18,248 DEBUG [urllib3.connectionpool] [connectionpool.py (_make_request:452] - http://ihrm-test.itheima.net:80 "PUT /api/sys/user/1437445850413400064 HTTP/1.1" 200 None
2021-09-13 23:59:18,248 INFO [root] [test03_employee.py (test02_update_employee:54] - 返回response：{"success":true,"code":10000,"message":"操作成功！","data":{"departmentName":"系统测试","workNumber":"195073264","departmentId":"33660","mobile":"15960132143","id":"1437445850413400064","username":"jack111"}}
2021-09-13 23:59:18,248 INFO [root] [test03_employee.py (setUp:18] - 正在初始化EmployeeTest测试类
2021-09-13 23:59:18,248 INFO [root] [test03_employee.py (test03_get_employee:64] - 正在执行test03_get_employee测试方法
2021-09-13 23:59:18,248 INFO [root] [employee.py (employee_get:28] - 正在调用员工查询接口，url：http://ihrm-test.itheima.net/api/sys/user/1437445850413400064，headers_data：{'Content-Type': 'Application/json', 'Authorization': 'fa4a6326-fcf4-40f4-b1d4-3781cee5b143'}，employee_id：1437445850413400064
2021-09-13 23:59:18,248 DEBUG [urllib3.connectionpool] [connectionpool.py (_new_conn:227] - Starting new HTTP connection (1): ihrm-test.itheima.net:80
2021-09-13 23:59:18,358 DEBUG [urllib3.connectionpool] [connectionpool.py (_make_request:452] - http://ihrm-test.itheima.net:80 "GET /api/sys/user/1437445850413400064 HTTP/1.1" 200 None
2021-09-13 23:59:18,358 INFO [root] [test03_employee.py (test03_get_employee:66] - 返回response：{"success":true,"code":10000,"message":"操作成功！","data":{"id":"1437445850413400064","mobile":"15960132143","username":"jack111","enableState":1,"departmentId":"33660","timeOfEntry":"2021-07-26T00:00:00.000+0000","formOfEmployment":1,"workNumber":"195073264","departmentName":"系统测试","roleIds":[],"staffPhoto":null}}
2021-09-13 23:59:18,358 INFO [root] [test03_employee.py (setUp:18] - 正在初始化EmployeeTest测试类
2021-09-13 23:59:18,358 INFO [root] [test03_employee.py (test04_delete_employee:75] - 正在执行test04_delete_employee测试方法
2021-09-13 23:59:18,358 INFO [root] [employee.py (employee_delete:34] - 正在调用员工删除接口，url：http://ihrm-test.itheima.net/api/sys/user/1437445850413400064，headers_data：{'Content-Type': 'Application/json', 'Authorization': 'fa4a6326-fcf4-40f4-b1d4-3781cee5b143'}，employee_id：1437445850413400064
2021-09-13 23:59:18,373 DEBUG [urllib3.connectionpool] [connectionpool.py (_new_conn:227] - Starting new HTTP connection (1): ihrm-test.itheima.net:80
2021-09-13 23:59:18,498 DEBUG [urllib3.connectionpool] [connectionpool.py (_make_request:452] - http://ihrm-test.itheima.net:80 "DELETE /api/sys/user/1437445850413400064 HTTP/1.1" 200 None
2021-09-13 23:59:18,498 INFO [root] [test03_employee.py (test04_delete_employee:77] - 返回response：{"success":true,"code":10000,"message":"操作成功！","data":null}
